<?xml version="1.0" encoding="UTF-8"?>
<!-- Generated by org.testng.reporters.JUnitReportReporter -->
<testsuite skipped="0" hostname="DESKTOP-9AJGEKQ" name="code.Tests.HomeTests" tests="6" failures="0" timestamp="2023-02-12T12:00:41 EST" time="88.957" errors="0">
  <testcase name="TC_101_verifyEmailPasswordAndSignIn" time="7.049" classname="code.Tests.HomeTests"/>
  <system-out/>
  <testcase name="TC_102_verifyListItemAndBadgeValue" time="19.905" classname="code.Tests.HomeTests"/>
  <system-out/>
  <testcase name="TC_103_verifyDropdown" time="21.109" classname="code.Tests.HomeTests"/>
  <system-out/>
  <testcase name="TC_104_verifyFirstButtonAndSecondButton" time="19.860" classname="code.Tests.HomeTests"/>
  <system-out/>
  <testcase name="TC_105_waitForButtonAndVerifyMessage" time="17.151" classname="code.Tests.HomeTests"/>
  <system-out/>
  <testcase name="TC_106_verifyTableInput" time="3.883" classname="code.Tests.HomeTests"/>
  <system-out/>
</testsuite> <!-- code.Tests.HomeTests -->
